https://www.vlr.gg/293948/bar-a-esports-vs-aym-esports-challengers-league-2024-spain-rising-split-1-r9
https://www.vlr.gg/295210/papara-supermassive-vs-regnum-carya-esports-challengers-league-2024-t-rkiye-birlik-split-1-regul
https://www.vlr.gg/297053/medal-esports-vs-revenant-esports-omen-challengers-league-2024-south-asia-split-1-w3
https://www.vlr.gg/297052/carnival-gaming-vs-reckoning-esports-omen-challengers-league-2024-south-asia-split-1-w3
https://www.vlr.gg/299561/reject-vs-northeption-challengers-league-2024-japan-split-1-w2
https://www.vlr.gg/299560/sengoku-gaming-vs-scarz-challengers-league-2024-japan-split-1-w2
https://www.vlr.gg/296831/novo-esports-vs-vx300-gaming-challengers-league-2024-italy-rinascimento-split-1-regular-season-w
https://www.vlr.gg/294790/monaco-esports-vs-joblife-challengers-league-2024-france-revolution-split-1-regular-season-w4
https://www.vlr.gg/296830/outplayed-vs-happy-game-esport-challengers-league-2024-italy-rinascimento-split-1-regular-season
https://www.vlr.gg/296829/dsyre-vs-qlash-challengers-league-2024-italy-rinascimento-split-1-regular-season-w3
https://www.vlr.gg/296828/rtzn-vs-axolotl-challengers-league-2024-italy-rinascimento-split-1-regular-season-w3
https://www.vlr.gg/299030/mouz-vs-eintracht-frankfurt-challengers-league-2024-dach-evolution-split-1-regular-season-r1
https://www.vlr.gg/294789/akroma-vs-solary-challengers-league-2024-france-revolution-split-1-regular-season-w4
https://www.vlr.gg/295209/fire-flux-esports-vs-s2g-esports-challengers-league-2024-t-rkiye-birlik-split-1-regular-season-w
https://www.vlr.gg/299029/divizon-vs-sk-gaming-challengers-league-2024-dach-evolution-split-1-regular-season-r1
https://www.vlr.gg/295208/digital-athletics-vs-galatasaray-esports-challengers-league-2024-t-rkiye-birlik-split-1-regular
https://www.vlr.gg/299028/ovation-esports-vs-cgn-esports-challengers-league-2024-dach-evolution-split-1-regular-season-r1
https://www.vlr.gg/296804/full-sense-vs-xerxia-esports-afreecatv-challengers-league-2024-thailand-split-1-r5
https://www.vlr.gg/297050/grayfox-esports-vs-mlt-esports-omen-challengers-league-2024-south-asia-split-1-w2
https://www.vlr.gg/296803/sharper-esport-vs-barn-nong-chok-afreecatv-challengers-league-2024-thailand-split-1-r5
https://www.vlr.gg/299439/bnb-vs-carti-esports-challengers-league-2024-philippines-split-1-lf
https://www.vlr.gg/297846/murash-gaming-vs-igzist-challengers-league-2024-japan-split-1-w2
https://www.vlr.gg/297049/true-rippers-vs-orangutan-omen-challengers-league-2024-south-asia-split-1-w2
https://www.vlr.gg/299438/bnb-vs-thebais-challengers-league-2024-philippines-split-1-ubsf
https://www.vlr.gg/297845/varrel-vs-fennel-challengers-league-2024-japan-split-1-w2
https://www.vlr.gg/299437/carti-esports-vs-old-stinky-cat-challengers-league-2024-philippines-split-1-ubsf
https://www.vlr.gg/297844/scarz-vs-reject-challengers-league-2024-japan-split-1-w2
https://www.vlr.gg/299121/passion-project-vs-flyquest-red-game-changers-2024-north-america-series-1-gf
https://www.vlr.gg/299119/yfp-x-vs-passion-project-game-changers-2024-north-america-series-1-sf
https://www.vlr.gg/299120/the-boys-vs-flyquest-red-game-changers-2024-north-america-series-1-sf
https://www.vlr.gg/296827/happy-game-esport-vs-novo-esports-challengers-league-2024-italy-rinascimento-split-1-regular-sea
https://www.vlr.gg/296826/axolotl-vs-dsyre-challengers-league-2024-italy-rinascimento-split-1-regular-season-w3
https://www.vlr.gg/294788/zerance-vs-dvm-esport-challengers-league-2024-france-revolution-split-1-regular-season-w4
https://www.vlr.gg/296825/qlash-vs-outplayed-challengers-league-2024-italy-rinascimento-split-1-regular-season-w3
https://www.vlr.gg/299027/fokus-vs-alternate-attax-challengers-league-2024-dach-evolution-split-1-regular-season-r1
https://www.vlr.gg/295207/howl-esports-vs-regnum-carya-esports-challengers-league-2024-t-rkiye-birlik-split-1-regular-seas
https://www.vlr.gg/296824/vx300-gaming-vs-rtzn-challengers-league-2024-italy-rinascimento-split-1-regular-season-w3
https://www.vlr.gg/294787/mandatory-vs-valiant-challengers-league-2024-france-revolution-split-1-regular-season-w4
https://www.vlr.gg/296987/formulation-gaming-vs-apeks-challengers-league-2024-northern-europe-polaris-split-1-regular-seas
https://www.vlr.gg/299026/rizon-vs-unicorns-of-love-challengers-league-2024-dach-evolution-split-1-regular-season-r1
https://www.vlr.gg/295206/stanbul-wildcats-vs-fenerbah-e-esports-challengers-league-2024-t-rkiye-birlik-split-1-regular-s
https://www.vlr.gg/296986/sweetnsour-vs-human-tripwires-challengers-league-2024-northern-europe-polaris-split-1-regular-se
https://www.vlr.gg/296802/made-in-thailand-vs-valee-thai-esports-afreecatv-challengers-league-2024-thailand-split-1-r4
https://www.vlr.gg/297048/revenant-esports-vs-carnival-gaming-challengers-league-2024-south-asia-split-1-w2
https://www.vlr.gg/296801/attack-all-around-vs-team-nkt-afreecatv-challengers-league-2024-thailand-split-1-r4
https://www.vlr.gg/297047/true-rippers-vs-reckoning-esports-challengers-league-2024-south-asia-split-1-w2
https://www.vlr.gg/297843/sengoku-gaming-vs-northeption-challengers-league-2024-japan-split-1-w2
https://www.vlr.gg/297842/varrel-vs-murash-gaming-challengers-league-2024-japan-split-1-w2
https://www.vlr.gg/297841/igzist-vs-fennel-challengers-league-2024-japan-split-1-w2
https://www.vlr.gg/299117/the-boys-vs-serendipity-game-changers-2024-north-america-series-1-qf
https://www.vlr.gg/299115/yfp-x-vs-infinity-x-game-changers-2024-north-america-series-1-qf
https://www.vlr.gg/299116/passion-project-vs-misus-qts-game-changers-2024-north-america-series-1-qf
https://www.vlr.gg/299118/supernova-galaxy-vs-flyquest-red-game-changers-2024-north-america-series-1-qf
https://www.vlr.gg/299107/unpaid-dogs-vs-yfp-x-game-changers-2024-north-america-series-1-ro16
https://www.vlr.gg/299108/infinity-x-vs-3-game-changers-2024-north-america-series-1-ro16
https://www.vlr.gg/299109/passion-project-vs-glass-ceiling-game-changers-2024-north-america-series-1-ro16
https://www.vlr.gg/299110/misus-qts-vs-mesos-millionaires-game-changers-2024-north-america-series-1-ro16
https://www.vlr.gg/299111/the-boys-vs-u4ria-azalea-game-changers-2024-north-america-series-1-ro16
https://www.vlr.gg/299112/serendipity-vs-teddy-tactics-game-changers-2024-north-america-series-1-ro16
https://www.vlr.gg/299113/supernova-galaxy-vs-getting-info-game-changers-2024-north-america-series-1-ro16
https://www.vlr.gg/299114/berzerkers-night-vs-flyquest-red-game-changers-2024-north-america-series-1-ro16
https://www.vlr.gg/298828/saideira-esports-vs-sagaz-corsair-championship-2024-gf
https://www.vlr.gg/296985/apinaorkesteri-vs-who-cars-challengers-league-2024-northern-europe-polaris-split-1-regular-seas
https://www.vlr.gg/296800/full-sense-vs-barn-nong-chok-afreecatv-challengers-league-2024-thailand-split-1-r4
https://www.vlr.gg/297046/medal-esports-vs-grayfox-esports-challengers-league-2024-south-asia-split-1-w2
https://www.vlr.gg/296799/made-in-thailand-vs-sharper-esport-afreecatv-challengers-league-2024-thailand-split-1-r4
https://www.vlr.gg/299193/bnb-vs-justus-challengers-league-2024-philippines-split-1-lf
https://www.vlr.gg/299230/bnb-vs-ivy-league-gaming-challengers-league-2024-philippines-split-1-lr5
https://www.vlr.gg/297045/orangutan-vs-mlt-esports-challengers-league-2024-south-asia-split-1-w2
https://www.vlr.gg/299231/justus-vs-thebais-challengers-league-2024-philippines-split-1-lr5
https://www.vlr.gg/299189/bnb-vs-aim-ph-challengers-league-2024-philippines-split-1-ubsf
https://www.vlr.gg/299188/justus-vs-valhalla-challengers-league-2024-philippines-split-1-ubsf
https://www.vlr.gg/294052/nom-esports-vs-diamant-esports-challengers-league-2024-east-surge-split-1-regular-season-w4
https://www.vlr.gg/296984/metizport-vs-onlyfins-challengers-league-2024-northern-europe-polaris-split-1-regular-season-w2
https://www.vlr.gg/294051/b8-esports-vs-zero-tenacity-challengers-league-2024-east-surge-split-1-regular-season-w4
https://www.vlr.gg/297044/reckoning-esports-vs-orangutan-challengers-league-2024-south-asia-split-1-w2
https://www.vlr.gg/297043/grayfox-esports-vs-revenant-esports-challengers-league-2024-south-asia-split-1-w2
https://www.vlr.gg/299099/yfp-x-vs-endure-white-game-changers-2024-north-america-series-1-ro24
https://www.vlr.gg/299100/3-vs-thanks-for-the-roses-game-changers-2024-north-america-series-1-ro24
https://www.vlr.gg/299101/glass-ceiling-vs-silly-waffle-game-changers-2024-north-america-series-1-ro24
https://www.vlr.gg/299102/mesos-millionaires-vs-hyperspeed-ruby-game-changers-2024-north-america-series-1-ro24
https://www.vlr.gg/299103/bumble-bees-vs-u4ria-azalea-game-changers-2024-north-america-series-1-ro24
https://www.vlr.gg/299104/teddy-tactics-vs-loafing-cats-game-changers-2024-north-america-series-1-ro24
https://www.vlr.gg/299106/flyquest-red-vs-smart-fellas-game-changers-2024-north-america-series-1-ro24
https://www.vlr.gg/298923/getting-info-vs-kirbee-squad-game-changers-2024-north-america-series-1-decider-b
https://www.vlr.gg/298948/bumble-bees-vs-ast-luminescent-game-changers-2024-north-america-series-1-decider-g
https://www.vlr.gg/298968/yfp-x-vs-ultralight-team-3-game-changers-2024-north-america-series-1-decider-k
https://www.vlr.gg/298973/loafing-cats-vs-blahaj-huggers-game-changers-2024-north-america-series-1-decider-l
https://www.vlr.gg/294050/incognito-vs-enterprise-esports-challengers-league-2024-east-surge-split-1-regular-season-w4
https://www.vlr.gg/294049/diamant-esports-vs-b8-esports-challengers-league-2024-east-surge-split-1-regular-season-w4
https://www.vlr.gg/297042/mlt-esports-vs-true-rippers-challengers-league-2024-south-asia-split-1-w2
https://www.vlr.gg/297041/carnival-gaming-vs-medal-esports-challengers-league-2024-south-asia-split-1-w2
https://www.vlr.gg/298916/flyquest-red-vs-u4ria-azalea-game-changers-2024-north-america-series-1-winners-a
https://www.vlr.gg/294473/hurricane-of-feathers-vs-gtz-esports-challengers-league-2024-portugal-tempest-split-1-regular-se
https://www.vlr.gg/298919/passion-project-vs-kirbee-squad-game-changers-2024-north-america-series-1-opening-b
https://www.vlr.gg/298929/berzerkers-night-vs-weeping-angles-game-changers-2024-north-america-series-1-opening-d
https://www.vlr.gg/298930/thanks-for-the-roses-vs-give-wingman-a-nuclear-device-game-changers-2024-north-america-series-1
https://www.vlr.gg/298934/mesos-millionaires-vs-ucla-esports-gc-game-changers-2024-north-america-series-1-opening-e
https://www.vlr.gg/298939/unpaid-dogs-vs-labyrinth-white-game-changers-2024-north-america-series-1-opening-f
https://www.vlr.gg/298949/supernova-galaxy-vs-pookie-nation-game-changers-2024-north-america-series-1-opening-h
https://www.vlr.gg/298959/3-vs-eclipsa-gc-game-changers-2024-north-america-series-1-opening-j
https://www.vlr.gg/298960/uwaterloo-white-vs-smart-fellas-game-changers-2024-north-america-series-1-opening-j
https://www.vlr.gg/298964/yfp-x-vs-fish-with-no-eye-game-changers-2024-north-america-series-1-opening-k
https://www.vlr.gg/298965/teddy-tactics-vs-ultralight-team-3-game-changers-2024-north-america-series-1-opening-k
https://www.vlr.gg/294474/impulse-gw-vs-saw-challengers-league-2024-portugal-tempest-split-1-regular-season-r8
https://www.vlr.gg/294475/fuzos-vs-ex0tik-gaming-challengers-league-2024-portugal-tempest-split-1-regular-season-r8
https://www.vlr.gg/293945/ucam-esports-club-vs-case-esports-challengers-league-2024-spain-rising-split-1-r8
https://www.vlr.gg/293942/zeta-gaming-vs-bar-a-esports-challengers-league-2024-spain-rising-split-1-r8
https://www.vlr.gg/294472/elevate-vs-ftw-le-a-fc-esports-challengers-league-2024-portugal-tempest-split-1-regular-season-r
https://www.vlr.gg/294048/incognito-vs-esc-gaming-challengers-league-2024-east-surge-split-1-regular-season-w4
https://www.vlr.gg/293944/ramboot-club-vs-kpi-gaming-challengers-league-2024-spain-rising-split-1-r8
https://www.vlr.gg/293943/aym-esports-vs-five-media-clan-challengers-league-2024-spain-rising-split-1-r8
https://www.vlr.gg/294047/nom-esports-vs-gonext-esports-challengers-league-2024-east-surge-split-1-regular-season-w4
https://www.vlr.gg/294469/ftw-le-a-fc-esports-vs-fuzos-challengers-league-2024-portugal-tempest-split-1-regular-season-r7
https://www.vlr.gg/294470/hurricane-of-feathers-vs-impulse-gw-challengers-league-2024-portugal-tempest-split-1-regular-sea
https://www.vlr.gg/294471/gtz-esports-vs-elevate-challengers-league-2024-portugal-tempest-split-1-regular-season-r7
https://www.vlr.gg/293939/ucam-esports-club-vs-kpi-gaming-challengers-league-2024-spain-rising-split-1-r7
https://www.vlr.gg/293941/zeta-gaming-vs-ramboot-club-challengers-league-2024-spain-rising-split-1-r7
https://www.vlr.gg/294468/saw-vs-ex0tik-gaming-challengers-league-2024-portugal-tempest-split-1-regular-season-r7
https://www.vlr.gg/293938/bar-a-esports-vs-five-media-clan-challengers-league-2024-spain-rising-split-1-r7
https://www.vlr.gg/294046/zero-tenacity-vs-chipi-chapas-challengers-league-2024-east-surge-split-1-regular-season-w4
https://www.vlr.gg/293940/aym-esports-vs-case-esports-challengers-league-2024-spain-rising-split-1-r7
https://www.vlr.gg/295205/fire-flux-esports-vs-galatasaray-esports-challengers-league-2024-t-rkiye-birlik-split-1-regular
https://www.vlr.gg/294045/acend-vs-esc-gaming-challengers-league-2024-east-surge-split-1-regular-season-w4
https://www.vlr.gg/295204/galakticos-vs-regnum-carya-esports-challengers-league-2024-t-rkiye-birlik-split-1-regular-season
https://www.vlr.gg/297040/carnival-gaming-vs-grayfox-esports-challengers-league-2024-south-asia-split-1-w2
https://www.vlr.gg/297039/medal-esports-vs-mlt-esports-challengers-league-2024-south-asia-split-1-w2
https://www.vlr.gg/296822/qlash-vs-happy-game-esport-challengers-league-2024-italy-rinascimento-split-1-regular-season-w2
https://www.vlr.gg/294786/mandatory-vs-zerance-challengers-league-2024-france-revolution-split-1-regular-season-w3
https://www.vlr.gg/296821/dsyre-vs-vx300-gaming-challengers-league-2024-italy-rinascimento-split-1-regular-season-w2
https://www.vlr.gg/296820/outplayed-vs-axolotl-challengers-league-2024-italy-rinascimento-split-1-regular-season-w2
https://www.vlr.gg/295203/s2g-esports-vs-papara-supermassive-challengers-league-2024-t-rkiye-birlik-split-1-regular-season
https://www.vlr.gg/296819/rtzn-vs-novo-esports-challengers-league-2024-italy-rinascimento-split-1-regular-season-w2
https://www.vlr.gg/294785/monaco-esports-vs-dvm-esport-challengers-league-2024-france-revolution-split-1-regular-season-w3
https://www.vlr.gg/297799/zerance-mint-vs-fokus-sakura-game-changers-2024-emea-kickoff-lr2
https://www.vlr.gg/297800/mad-lions-koi-vs-nyan-esports-game-changers-2024-emea-kickoff-lr2
https://www.vlr.gg/297801/azure-vs-karmine-corp-gc-game-changers-2024-emea-kickoff-lr2
https://www.vlr.gg/297802/fuvi-vs-scoobydoomix-game-changers-2024-emea-kickoff-lr2
https://www.vlr.gg/295202/stanbul-wildcats-vs-howl-esports-challengers-league-2024-t-rkiye-birlik-split-1-regular-season
https://www.vlr.gg/296798/sharper-esport-vs-valee-thai-esports-afreecatv-challengers-league-2024-thailand-split-1-r3
https://www.vlr.gg/297038/orangutan-vs-revenant-esports-challengers-league-2024-south-asia-split-1-w1
https://www.vlr.gg/296797/full-sense-vs-team-nkt-afreecatv-challengers-league-2024-thailand-split-1-r3
https://www.vlr.gg/297037/reckoning-esports-vs-mlt-esports-challengers-league-2024-south-asia-split-1-w1
https://www.vlr.gg/297840/northeption-vs-murash-gaming-challengers-league-2024-japan-split-1-w1
https://www.vlr.gg/297839/varrel-vs-sengoku-gaming-challengers-league-2024-japan-split-1-w1
https://www.vlr.gg/298538/disguised-vs-serenity-esports-challengers-league-2024-malaysia-singapore-split-1-r7
https://www.vlr.gg/298529/disguised-vs-laze-challengers-league-2024-malaysia-singapore-split-1-r6
https://www.vlr.gg/298520/redsea-esport-vs-disguised-challengers-league-2024-malaysia-singapore-split-1-r5
https://www.vlr.gg/298275/winthrop-university-vs-thinking-men-challengers-league-2024-north-america-qualifiers-oq-1-top
https://www.vlr.gg/298274/the-glazers-vs-1337-challengers-league-2024-north-america-qualifiers-oq-1-top-32-lr6
https://www.vlr.gg/296818/axolotl-vs-qlash-challengers-league-2024-italy-rinascimento-split-1-regular-season-w2
https://www.vlr.gg/298272/1337-vs-nightblood-converse-challengers-league-2024-north-america-qualifiers-oq-1-top-32-lr5
https://www.vlr.gg/298273/ambrosia-vs-thinking-men-challengers-league-2024-north-america-qualifiers-oq-1-top-32-lr5
https://www.vlr.gg/294784/valiant-vs-akroma-challengers-league-2024-france-revolution-split-1-regular-season-w3
https://www.vlr.gg/296817/happy-game-esport-vs-rtzn-challengers-league-2024-italy-rinascimento-split-1-regular-season-w2
https://www.vlr.gg/296816/novo-esports-vs-dsyre-challengers-league-2024-italy-rinascimento-split-1-regular-season-w2
https://www.vlr.gg/297791/neon-blade-vs-fuvi-game-changers-2024-emea-kickoff-ubqf
https://www.vlr.gg/297792/nasr-ignite-vs-azure-game-changers-2024-emea-kickoff-ubqf
https://www.vlr.gg/297793/mad-lions-koi-vs-valiant-gc-game-changers-2024-emea-kickoff-ubqf
https://www.vlr.gg/297794/team-falcons-vega-vs-zerance-mint-game-changers-2024-emea-kickoff-ubqf
https://www.vlr.gg/297795/odd-1-out-vs-fokus-sakura-game-changers-2024-emea-kickoff-lr1
https://www.vlr.gg/297796/nyan-esports-vs-evoza-gc-game-changers-2024-emea-kickoff-lr1
https://www.vlr.gg/297797/midas-vs-karmine-corp-gc-game-changers-2024-emea-kickoff-lr1
https://www.vlr.gg/297798/scoobydoomix-vs-kpi-shine-game-changers-2024-emea-kickoff-lr1
https://www.vlr.gg/296815/vx300-gaming-vs-outplayed-challengers-league-2024-italy-rinascimento-split-1-regular-season-w2
https://www.vlr.gg/295201/fire-flux-esports-vs-digital-athletics-challengers-league-2024-t-rkiye-birlik-split-1-regular-se
https://www.vlr.gg/296983/onlyfins-vs-who-cars-challengers-league-2024-northern-europe-polaris-split-1-regular-season-w1
https://www.vlr.gg/294783/joblife-vs-solary-challengers-league-2024-france-revolution-split-1-regular-season-w3
https://www.vlr.gg/297783/odd-1-out-vs-neon-blade-game-changers-2024-emea-kickoff-uro16
https://www.vlr.gg/297784/fuvi-vs-fokus-sakura-game-changers-2024-emea-kickoff-uro16
https://www.vlr.gg/297785/nasr-ignite-vs-nyan-esports-game-changers-2024-emea-kickoff-uro16
https://www.vlr.gg/297786/azure-vs-evoza-gc-game-changers-2024-emea-kickoff-uro16
https://www.vlr.gg/297787/midas-vs-mad-lions-koi-game-changers-2024-emea-kickoff-uro16
https://www.vlr.gg/297788/karmine-corp-gc-vs-valiant-gc-game-changers-2024-emea-kickoff-uro16
https://www.vlr.gg/297789/team-falcons-vega-vs-scoobydoomix-game-changers-2024-emea-kickoff-uro16
https://www.vlr.gg/297790/kpi-shine-vs-zerance-mint-game-changers-2024-emea-kickoff-uro16
https://www.vlr.gg/295200/fenerbah-e-esports-vs-galatasaray-esports-challengers-league-2024-t-rkiye-birlik-split-1-regular
https://www.vlr.gg/296982/formulation-gaming-vs-apinaorkesteri-challengers-league-2024-northern-europe-polaris-split-1-reg
https://www.vlr.gg/296796/xerxia-esports-vs-barn-nong-chok-afreecatv-challengers-league-2024-thailand-split-1-r3
https://www.vlr.gg/297036/true-rippers-vs-carnival-gaming-challengers-league-2024-south-asia-split-1-w1
https://www.vlr.gg/296795/made-in-thailand-vs-attack-all-around-afreecatv-challengers-league-2024-thailand-split-1-r3
https://www.vlr.gg/297838/reject-vs-igzist-challengers-league-2024-japan-split-1-w1
https://www.vlr.gg/297035/revenant-esports-vs-reckoning-esports-challengers-league-2024-south-asia-split-1-w1
https://www.vlr.gg/298513/ender-vs-disguised-challengers-league-2024-malaysia-singapore-split-1-r4
https://www.vlr.gg/297837/scarz-vs-fennel-challengers-league-2024-japan-split-1-w1
https://www.vlr.gg/298269/burgerville-vs-nightblood-converse-challengers-league-2024-north-america-qualifiers-oq-1-top-3
https://www.vlr.gg/298271/blinn-esports-vs-thinking-men-challengers-league-2024-north-america-qualifiers-oq-1-top-32-lr4
https://www.vlr.gg/298247/the-glazers-vs-yfp-gaming-challengers-league-2024-north-america-qualifiers-oq-1-top-32-ubsf
https://www.vlr.gg/298268/shopify-rebellion-vs-1337-challengers-league-2024-north-america-qualifiers-oq-1-top-32-lr4
https://www.vlr.gg/298270/lucky-7-vs-ambrosia-challengers-league-2024-north-america-qualifiers-oq-1-top-32-lr4
https://www.vlr.gg/298246/sad-esports-vs-winthrop-university-challengers-league-2024-north-america-qualifiers-oq-1-top-3
https://www.vlr.gg/298264/1337-vs-van-lyn-challengers-league-2024-north-america-qualifiers-oq-1-top-32-lr3
https://www.vlr.gg/298265/nightblood-converse-vs-zero-marksmen-black-challengers-league-2024-north-america-qualifiers-oq
https://www.vlr.gg/298266/btr-fanclub-vs-ambrosia-challengers-league-2024-north-america-qualifiers-oq-1-top-32-lr3
https://www.vlr.gg/298267/thinking-men-vs-qor-challengers-league-2024-north-america-qualifiers-oq-1-top-32-lr3
https://www.vlr.gg/296981/human-tripwires-vs-apeks-challengers-league-2024-northern-europe-polaris-split-1-regular-season
https://www.vlr.gg/297034/orangutan-vs-medal-esports-challengers-league-2024-south-asia-split-1-w1
https://www.vlr.gg/296794/team-nkt-vs-valee-thai-esports-afreecatv-challengers-league-2024-thailand-split-1-r2
https://www.vlr.gg/296793/full-sense-vs-sharper-esport-afreecatv-challengers-league-2024-thailand-split-1-r2
https://www.vlr.gg/297033/grayfox-esports-vs-true-rippers-challengers-league-2024-south-asia-split-1-w1
https://www.vlr.gg/298244/blinn-esports-vs-the-glazers-challengers-league-2024-north-america-qualifiers-oq-1-top-32-ubqf
https://www.vlr.gg/298258/nightblood-converse-vs-maryville-university-challengers-league-2024-north-america-qualifiers-oq
https://www.vlr.gg/298243/winthrop-university-vs-shopify-rebellion-challengers-league-2024-north-america-qualifiers-oq-1
https://www.vlr.gg/298261/ambrosia-vs-wtp-challengers-league-2024-north-america-qualifiers-oq-1-top-32-lr2
https://www.vlr.gg/298260/btr-fanclub-vs-4nem-challengers-league-2024-north-america-qualifiers-oq-1-top-32-lr2
https://www.vlr.gg/298245/lucky-7-vs-yfp-gaming-challengers-league-2024-north-america-qualifiers-oq-1-top-32-ubqf
https://www.vlr.gg/298242/sad-esports-vs-burgerville-challengers-league-2024-north-america-qualifiers-oq-1-top-32-ubqf
https://www.vlr.gg/298262/thinking-men-vs-mochi-fanclub-challengers-league-2024-north-america-qualifiers-oq-1-top-32-lr2
https://www.vlr.gg/298259/zero-marksmen-black-vs-let-us-cook-challengers-league-2024-north-america-qualifiers-oq-1-top-3
https://www.vlr.gg/298257/st-clair-saints-vs-van-lyn-challengers-league-2024-north-america-qualifiers-oq-1-top-32-lr2
https://www.vlr.gg/298241/1337-vs-yfp-gaming-challengers-league-2024-north-america-qualifiers-oq-1-top-32-uro16
https://www.vlr.gg/298239/the-glazers-vs-nightblood-converse-challengers-league-2024-north-america-qualifiers-oq-1-top-3
https://www.vlr.gg/298236/winthrop-university-vs-ambrosia-challengers-league-2024-north-america-qualifiers-oq-1-top-32-u
https://www.vlr.gg/298238/blinn-esports-vs-zero-marksmen-black-challengers-league-2024-north-america-qualifiers-oq-1-top
https://www.vlr.gg/298237/btr-fanclub-vs-shopify-rebellion-challengers-league-2024-north-america-qualifiers-oq-1-top-32
https://www.vlr.gg/298250/who-is-22gz-vs-maryville-university-challengers-league-2024-north-america-qualifiers-oq-1-top
https://www.vlr.gg/298251/ryze-esports-vs-let-us-cook-challengers-league-2024-north-america-qualifiers-oq-1-top-32-lr1
https://www.vlr.gg/298235/thinking-men-vs-burgerville-challengers-league-2024-north-america-qualifiers-oq-1-top-32-uro16
https://www.vlr.gg/298240/lucky-7-vs-st-clair-saints-challengers-league-2024-north-america-qualifiers-oq-1-top-32-uro16
https://www.vlr.gg/298254/mochi-fanclub-vs-out-the-mud-challengers-league-2024-north-america-qualifiers-oq-1-top-32-lr1
https://www.vlr.gg/298234/sad-esports-vs-qor-challengers-league-2024-north-america-qualifiers-oq-1-top-32-uro16
https://www.vlr.gg/298218/sad-esports-vs-cookin-papas-challengers-league-2024-north-america-qualifiers-oq-1-top-32-uro32
https://www.vlr.gg/298219/qor-vs-wooks-academy-challengers-league-2024-north-america-qualifiers-oq-1-top-32-uro32
https://www.vlr.gg/298220/thinking-men-vs-last-resistance-challengers-league-2024-north-america-qualifiers-oq-1-top-32-u
https://www.vlr.gg/298221/van-lyn-vs-burgerville-challengers-league-2024-north-america-qualifiers-oq-1-top-32-uro32
https://www.vlr.gg/298222/winthrop-university-vs-ions-day-care-challengers-league-2024-north-america-qualifiers-oq-1-top
https://www.vlr.gg/298223/ambrosia-vs-maryville-university-challengers-league-2024-north-america-qualifiers-oq-1-top-32
https://www.vlr.gg/298224/btr-fanclub-vs-ryze-esports-challengers-league-2024-north-america-qualifiers-oq-1-top-32-uro3
https://www.vlr.gg/298225/shopify-rebellion-vs-let-us-cook-challengers-league-2024-north-america-qualifiers-oq-1-top-32
https://www.vlr.gg/298226/blinn-esports-vs-six-figures-challengers-league-2024-north-america-qualifiers-oq-1-top-32-uro3
https://www.vlr.gg/298230/mochi-fanclub-vs-lucky-7-challengers-league-2024-north-america-qualifiers-oq-1-top-32-uro32
https://www.vlr.gg/298231/st-clair-saints-vs-out-the-mud-challengers-league-2024-north-america-qualifiers-oq-1-top-32-u
https://www.vlr.gg/298232/special-grade-vs-1337-challengers-league-2024-north-america-qualifiers-oq-1-top-32-uro32
https://www.vlr.gg/298233/yfp-gaming-vs-the-basement-challengers-league-2024-north-america-qualifiers-oq-1-top-32-uro32
https://www.vlr.gg/294044/nom-esports-vs-incognito-challengers-league-2024-east-surge-split-1-regular-season-w3
https://www.vlr.gg/296980/metizport-vs-sweetnsour-challengers-league-2024-northern-europe-polaris-split-1-regular-season-w
https://www.vlr.gg/294043/diamant-esports-vs-acend-challengers-league-2024-east-surge-split-1-regular-season-w3
https://www.vlr.gg/297761/pei-wan-e-sports-vs-roa-esport-challengers-league-2024-taiwan-hong-kong-split-1-w1
https://www.vlr.gg/297032/carnival-gaming-vs-orangutan-challengers-league-2024-south-asia-split-1-w1
https://www.vlr.gg/297760/oblivion-force-vs-five-ace-esports-challengers-league-2024-taiwan-hong-kong-split-1-w1
https://www.vlr.gg/297031/medal-esports-vs-true-rippers-challengers-league-2024-south-asia-split-1-w1
https://www.vlr.gg/298147/sad-esports-vs-the-process-challengers-league-2024-north-america-qualifiers-ro64
https://www.vlr.gg/298153/van-lyn-vs-wasted-talent-challengers-league-2024-north-america-qualifiers-ro64
https://www.vlr.gg/298158/maryville-university-vs-goodfellas-challengers-league-2024-north-america-qualifiers-ro64
https://www.vlr.gg/298161/shopify-rebellion-vs-boomertin-challengers-league-2024-north-america-qualifiers-ro64
https://www.vlr.gg/298165/zero-marksmen-black-vs-diversity-challengers-league-2024-north-america-qualifiers-ro64
https://www.vlr.gg/298177/yfp-gaming-vs-resonate-challengers-league-2024-north-america-qualifiers-ro64
https://www.vlr.gg/298149/qor-vs-refugee-camp-challengers-league-2024-north-america-qualifiers-ro64
https://www.vlr.gg/298095/van-lyn-vs-archie-dynamite-dalmatians-challengers-league-2024-north-america-qualifiers-ro128
https://www.vlr.gg/298105/maryville-university-vs-arkangel-esports-challengers-league-2024-north-america-qualifiers-ro128
https://www.vlr.gg/298114/let-us-cook-vs-1t-challengers-league-2024-north-america-qualifiers-ro128
https://www.vlr.gg/298136/lag-vs-ucsb-gold-challengers-league-2024-north-america-qualifiers-ro128
https://www.vlr.gg/298138/dont-be-weird-vs-out-the-mud-challengers-league-2024-north-america-qualifiers-ro128
https://www.vlr.gg/298140/hyperspeed-onyx-vs-how-did-we-get-here-challengers-league-2024-north-america-qualifiers-ro128
https://www.vlr.gg/298096/wasted-talent-vs-predator-x-gaming-challengers-league-2024-north-america-qualifiers-ro128
https://www.vlr.gg/297956/comet-esports-club-vs-crwnz-challengers-league-2024-north-america-qualifiers-ro256
https://www.vlr.gg/298004/reign-above-vs-krunker-demons-challengers-league-2024-north-america-qualifiers-ro256
https://www.vlr.gg/298020/we-live-vs-midnightsun-gold-challengers-league-2024-north-america-qualifiers-ro256
https://www.vlr.gg/294042/b8-esports-vs-esc-gaming-challengers-league-2024-east-surge-split-1-regular-season-w3
https://www.vlr.gg/294041/chipi-chapas-vs-gonext-esports-challengers-league-2024-east-surge-split-1-regular-season-w3
https://www.vlr.gg/297757/oblivion-force-vs-roa-esport-challengers-league-2024-taiwan-hong-kong-split-1-w1
https://www.vlr.gg/297756/one-team-esports-vs-hungkuang-falcon-challengers-league-2024-taiwan-hong-kong-split-1-w1
https://www.vlr.gg/294467/saw-vs-fuzos-challengers-league-2024-portugal-tempest-split-1-regular-season-r6
https://www.vlr.gg/294466/ftw-le-a-fc-esports-vs-gtz-esports-challengers-league-2024-portugal-tempest-split-1-regular-seas
https://www.vlr.gg/293934/kpi-gaming-vs-five-media-clan-challengers-league-2024-spain-rising-split-1-r6
https://www.vlr.gg/294465/impulse-gw-vs-elevate-challengers-league-2024-portugal-tempest-split-1-regular-season-r6
https://www.vlr.gg/293935/ramboot-club-vs-bar-a-esports-challengers-league-2024-spain-rising-split-1-r6
https://www.vlr.gg/294464/ex0tik-gaming-vs-hurricane-of-feathers-challengers-league-2024-portugal-tempest-split-1-regular
https://www.vlr.gg/294040/enterprise-esports-vs-diamant-esports-challengers-league-2024-east-surge-split-1-regular-season
https://www.vlr.gg/293937/zeta-gaming-vs-case-esports-challengers-league-2024-spain-rising-split-1-r6
https://www.vlr.gg/293936/ucam-esports-club-vs-aym-esports-challengers-league-2024-spain-rising-split-1-r6
https://www.vlr.gg/294039/acend-vs-nom-esports-challengers-league-2024-east-surge-split-1-regular-season-w3
https://www.vlr.gg/294463/ftw-le-a-fc-esports-vs-saw-challengers-league-2024-portugal-tempest-split-1-regular-season-r5
https://www.vlr.gg/294462/ex0tik-gaming-vs-elevate-challengers-league-2024-portugal-tempest-split-1-regular-season-r5
https://www.vlr.gg/293930/bar-a-esports-vs-kpi-gaming-challengers-league-2024-spain-rising-split-1-r5
https://www.vlr.gg/294461/hurricane-of-feathers-vs-fuzos-challengers-league-2024-portugal-tempest-split-1-regular-season-r
https://www.vlr.gg/293933/aym-esports-vs-ramboot-club-challengers-league-2024-spain-rising-split-1-r5
https://www.vlr.gg/294037/esc-gaming-vs-chipi-chapas-challengers-league-2024-east-surge-split-1-regular-season-w3
https://www.vlr.gg/294460/gtz-esports-vs-impulse-gw-challengers-league-2024-portugal-tempest-split-1-regular-season-r5
https://www.vlr.gg/295199/s2g-esports-vs-digital-athletics-challengers-league-2024-t-rkiye-birlik-split-1-regular-season-w
https://www.vlr.gg/293932/ucam-esports-club-vs-zeta-gaming-challengers-league-2024-spain-rising-split-1-r5
https://www.vlr.gg/293931/five-media-clan-vs-case-esports-challengers-league-2024-spain-rising-split-1-r5
https://www.vlr.gg/294038/gonext-esports-vs-zero-tenacity-challengers-league-2024-east-surge-split-1-regular-season-w3
https://www.vlr.gg/295198/stanbul-wildcats-vs-galatasaray-esports-challengers-league-2024-t-rkiye-birlik-split-1-regular
https://www.vlr.gg/296595/dsyre-vs-rtzn-challengers-league-2024-italy-rinascimento-split-1-regular-season-w1
https://www.vlr.gg/296465/sagaz-vs-orquestra-do-maestro-gamers-club-challengers-league-2024-brazil-split-1-lbf
https://www.vlr.gg/296594/outplayed-vs-novo-esports-challengers-league-2024-italy-rinascimento-split-1-regular-season-w1
https://www.vlr.gg/294782/akroma-vs-mandatory-challengers-league-2024-france-revolution-split-1-regular-season-w2
https://www.vlr.gg/296593/axolotl-vs-happy-game-esport-challengers-league-2024-italy-rinascimento-split-1-regular-season-w
https://www.vlr.gg/295197/fenerbah-e-esports-vs-regnum-carya-esports-challengers-league-2024-t-rkiye-birlik-split-1-regula
https://www.vlr.gg/296592/qlash-vs-vx300-gaming-challengers-league-2024-italy-rinascimento-split-1-regular-season-w1
https://www.vlr.gg/294781/joblife-vs-valiant-challengers-league-2024-france-revolution-split-1-regular-season-w2
https://www.vlr.gg/295196/fire-flux-esports-vs-galakticos-challengers-league-2024-t-rkiye-birlik-split-1-regular-season-w2
https://www.vlr.gg/296792/made-in-thailand-vs-xerxia-esports-afreecatv-challengers-league-2024-thailand-split-1-r2
https://www.vlr.gg/296791/attack-all-around-vs-barn-nong-chok-afreecatv-challengers-league-2024-thailand-split-1-r2
https://www.vlr.gg/296621/flyquest-red-vs-shopify-rebellion-game-changers-2024-north-america-series-1-gf
https://www.vlr.gg/296619/flyquest-red-vs-misus-qts-game-changers-2024-north-america-series-1-sf
https://www.vlr.gg/296620/passion-project-vs-shopify-rebellion-game-changers-2024-north-america-series-1-sf
https://www.vlr.gg/296459/sagaz-vs-tropa-do-avan-o-gamers-club-challengers-league-2024-brazil-split-1-ubf
https://www.vlr.gg/296464/orquestra-do-maestro-vs-team-liquid-brazil-gamers-club-challengers-league-2024-brazil-split-1-lr
https://www.vlr.gg/296616/infinity-x-vs-misus-qts-game-changers-2024-north-america-series-1-qf
https://www.vlr.gg/296618/shopify-rebellion-vs-mesos-millionaires-game-changers-2024-north-america-series-1-qf
https://www.vlr.gg/296617/passion-project-vs-berzerkers-night-game-changers-2024-north-america-series-1-qf
https://www.vlr.gg/296609/supernova-galaxy-vs-infinity-x-game-changers-2024-series-1-north-america-ro16
https://www.vlr.gg/296614/mesos-millionaires-vs-solidarity-game-changers-2024-series-1-north-america-ro16
https://www.vlr.gg/296591/vx300-gaming-vs-axolotl-challengers-league-2024-italy-rinascimento-split-1-regular-season-w1
https://www.vlr.gg/296462/orquestra-do-maestro-vs-refens-do-turkish-gamers-club-challengers-league-2024-brazil-split-1-lr2
https://www.vlr.gg/296463/team-liquid-brazil-vs-os-cara-cego-gamers-club-challengers-league-2024-brazil-split-1-lr2
https://www.vlr.gg/296590/novo-esports-vs-qlash-challengers-league-2024-italy-rinascimento-split-1-regular-season-w1
https://www.vlr.gg/296589/rtzn-vs-outplayed-challengers-league-2024-italy-rinascimento-split-1-regular-season-w1
https://www.vlr.gg/294780/zerance-vs-monaco-esports-challengers-league-2024-france-revolution-split-1-regular-season-w2
https://www.vlr.gg/296588/happy-game-esport-vs-dsyre-challengers-league-2024-italy-rinascimento-split-1-regular-season-w1
https://www.vlr.gg/294779/solary-vs-dvm-esport-challengers-league-2024-france-revolution-split-1-regular-season-w2
https://www.vlr.gg/295195/digital-athletics-vs-stanbul-wildcats-challengers-league-2024-t-rkiye-birlik-split-1-regular-se
https://www.vlr.gg/295194/howl-esports-vs-papara-supermassive-challengers-league-2024-t-rkiye-birlik-split-1-regular-seaso
https://www.vlr.gg/296790/team-nkt-vs-sharper-esport-afreecatv-challengers-league-2024-thailand-split-1-r1
https://www.vlr.gg/296789/full-sense-vs-valee-thai-esports-afreecatv-challengers-league-2024-thailand-split-1-r1
https://www.vlr.gg/296615/flyquest-red-vs-unpaid-dogs-game-changers-2024-series-1-north-america-qf
https://www.vlr.gg/296457/team-liquid-brazil-vs-sagaz-gamers-club-challengers-league-2024-brazil-split-1-ubsf
https://www.vlr.gg/296458/tropa-do-avan-o-vs-orquestra-do-maestro-gamers-club-challengers-league-2024-brazil-split-1-ubsf
https://www.vlr.gg/296460/os-piticos-vs-refens-do-turkish-gamers-club-challengers-league-2024-brazil-split-1-lr1
https://www.vlr.gg/296461/saideira-esports-vs-os-cara-cego-gamers-club-challengers-league-2024-brazil-split-1-lr1
https://www.vlr.gg/296607/flyquest-red-vs-serendipity-game-changers-2024-series-1-north-america-ro16
https://www.vlr.gg/296608/the-boys-vs-unpaid-dogs-game-changers-2024-series-1-north-america-ro16
https://www.vlr.gg/296610/misus-qts-vs-yfp-x-game-changers-2024-series-1-north-america-ro16
https://www.vlr.gg/296611/passion-project-vs-teddy-tactics-game-changers-2024-series-1-north-america-ro16
https://www.vlr.gg/296612/berzerkers-night-vs-3-game-changers-2024-series-1-north-america-ro16
https://www.vlr.gg/296613/shopify-rebellion-vs-loafing-cats-game-changers-2024-series-1-north-america-ro16
https://www.vlr.gg/296453/os-piticos-vs-team-liquid-brazil-gamers-club-challengers-league-2024-brazil-split-1-ubqf
https://www.vlr.gg/296454/refens-do-turkish-vs-sagaz-gamers-club-challengers-league-2024-brazil-split-1-ubqf
https://www.vlr.gg/296455/tropa-do-avan-o-vs-saideira-esports-gamers-club-challengers-league-2024-brazil-split-1-ubqf
https://www.vlr.gg/296456/os-cara-cego-vs-orquestra-do-maestro-gamers-club-challengers-league-2024-brazil-split-1-ubqf
https://www.vlr.gg/296788/made-in-thailand-vs-barn-nong-chok-challengers-league-2024-thailand-split-1-r1
https://www.vlr.gg/296787/xerxia-esports-vs-attack-all-around-challengers-league-2024-thailand-split-1-r1
https://www.vlr.gg/294036/zero-tenacity-vs-enterprise-esports-challengers-league-2024-east-surge-split-1-regular-season-w2
https://www.vlr.gg/294035/incognito-vs-b8-esports-challengers-league-2024-east-surge-split-1-regular-season-w2
https://www.vlr.gg/296533/van-dijk-fan-club-vs-team-69-omen-challengers-league-2024-south-asia-split-1-gf
https://www.vlr.gg/294034/zero-tenacity-vs-esc-gaming-challengers-league-2024-east-surge-split-1-regular-season-w2
https://www.vlr.gg/294033/diamant-esports-vs-gonext-esports-challengers-league-2024-east-surge-split-1-regular-season-w2
https://www.vlr.gg/296105/northeption-vs-noez-foxx-challengers-league-2024-japan-split-1-oq-h-gf
https://www.vlr.gg/296120/riddle-vs-murash-gaming-challengers-league-2024-japan-split-1-oq-g-gf
https://www.vlr.gg/296134/sengoku-gaming-vs-esports-team-d-challengers-league-2024-japan-split-1-oq-f-gf
https://www.vlr.gg/296148/varrel-vs-blue-bees-esp-challengers-league-2024-japan-split-1-oq-e-gf
https://www.vlr.gg/296163/reject-vs-fav-gaming-challengers-league-2024-japan-split-1-oq-d-gf
https://www.vlr.gg/296179/crest-gaming-zst-vs-igzist-challengers-league-2024-japan-split-1-oq-c-gf
https://www.vlr.gg/296193/scarz-vs-fathers-back-challengers-league-2024-japan-split-1-oq-b-gf
https://www.vlr.gg/296203/fennel-vs-bc-swell-challengers-league-2024-japan-split-1-oq-a-gf
https://www.vlr.gg/296111/noez-foxx-vs-reignite-challengers-league-2024-japan-split-1-oq-h-lf
https://www.vlr.gg/296126/murash-gaming-vs-hit-gaming-clan-challengers-league-2024-japan-split-1-oq-g-lf
https://www.vlr.gg/296140/delta-esports-vs-esports-team-d-challengers-league-2024-japan-split-1-oq-f-lf
https://www.vlr.gg/296154/blue-bees-esp-vs-vite-challengers-league-2024-japan-split-1-oq-e-lf
https://www.vlr.gg/296169/fav-gaming-vs-amoris-vega-challengers-league-2024-japan-split-1-oq-d-lf
https://www.vlr.gg/296184/igzist-vs-ntpoja-challengers-league-2024-japan-split-1-oq-c-lf
https://www.vlr.gg/296197/fathers-back-vs-citrus-e-sports-challengers-league-2024-japan-split-1-oq-b-lf
https://www.vlr.gg/296207/bc-swell-vs-rabilis-burst-challengers-league-2024-japan-split-1-oq-a-lf
https://www.vlr.gg/294459/ftw-le-a-fc-esports-vs-impulse-gw-challengers-league-2024-portugal-tempest-split-1-regular-seaso
https://www.vlr.gg/296322/shopify-rebellion-vs-team-aquila-game-changers-2024-series-1-north-america-opening-a
https://www.vlr.gg/296327/supernova-galaxy-vs-voyager-esports-game-changers-2024-series-1-north-america-opening-b
https://www.vlr.gg/296332/flyquest-red-vs-pookie-nation-game-changers-2024-series-1-north-america-opening-c
https://www.vlr.gg/296342/3-vs-ast-luminescent-game-changers-2024-series-1-north-america-opening-e
https://www.vlr.gg/296367/yfp-x-vs-tussin-purple-game-changers-2024-series-1-north-america-opening-j
https://www.vlr.gg/296368/aimpunch-vs-u4ria-azalea-game-changers-2024-series-1-north-america-opening-j
https://www.vlr.gg/294458/fuzos-vs-elevate-challengers-league-2024-portugal-tempest-split-1-regular-season-r4
https://www.vlr.gg/294457/ex0tik-gaming-vs-gtz-esports-challengers-league-2024-portugal-tempest-split-1-regular-season-r4
https://www.vlr.gg/293929/case-esports-vs-bar-a-esports-challengers-league-2024-spain-rising-split-1-r4
https://www.vlr.gg/293926/kpi-gaming-vs-aym-esports-challengers-league-2024-spain-rising-split-1-r4
https://www.vlr.gg/294032/enterprise-esports-vs-acend-challengers-league-2024-east-surge-split-1-regular-season-w2
https://www.vlr.gg/294456/saw-vs-hurricane-of-feathers-challengers-league-2024-portugal-tempest-split-1-regular-season-r4
https://www.vlr.gg/293928/five-media-clan-vs-zeta-gaming-challengers-league-2024-spain-rising-split-1-r4
https://www.vlr.gg/293927/ramboot-club-vs-ucam-esports-club-challengers-league-2024-spain-rising-split-1-r4
https://www.vlr.gg/294031/b8-esports-vs-nom-esports-challengers-league-2024-east-surge-split-1-regular-season-w2
https://www.vlr.gg/296307/the-infinity-esport-vs-valee-thai-esports-challengers-league-2024-thailand-split-1-lf
https://www.vlr.gg/296306/the-infinity-esport-vs-barn-nong-chok-challengers-league-2024-thailand-split-1-uf
https://www.vlr.gg/294454/ftw-le-a-fc-esports-vs-hurricane-of-feathers-challengers-league-2024-portugal-tempest-split-1-re
https://www.vlr.gg/294455/ex0tik-gaming-vs-impulse-gw-challengers-league-2024-portugal-tempest-split-1-regular-season-r3
https://www.vlr.gg/295386/fenda-dos-streamers-vs-sagaz-gamers-club-challengers-league-2024-brazil-split-1-open-qualifier
https://www.vlr.gg/295387/team-liquid-brazil-vs-xenom-com-m-gamers-club-challengers-league-2024-brazil-split-1-open-qualif
https://www.vlr.gg/295388/saideira-esports-vs-black-hole-sun-gamers-club-challengers-league-2024-brazil-split-1-open-quali
https://www.vlr.gg/295389/orquestra-do-maestro-vs-insanity-gamers-club-challengers-league-2024-brazil-split-1-open-qualifi
https://www.vlr.gg/293924/bar-a-esports-vs-ucam-esports-club-challengers-league-2024-spain-rising-split-1-r3
https://www.vlr.gg/294453/saw-vs-elevate-challengers-league-2024-portugal-tempest-split-1-regular-season-r3
https://www.vlr.gg/293922/case-esports-vs-kpi-gaming-challengers-league-2024-spain-rising-split-1-r3
https://www.vlr.gg/294452/gtz-esports-vs-fuzos-challengers-league-2024-portugal-tempest-split-1-regular-season-r3
https://www.vlr.gg/295193/galakticos-vs-fenerbah-e-esports-challengers-league-2024-t-rkiye-birlik-split-1-regular-season-w
https://www.vlr.gg/293925/five-media-clan-vs-ramboot-club-challengers-league-2024-spain-rising-split-1-r3
https://www.vlr.gg/294030/chipi-chapas-vs-incognito-challengers-league-2024-east-surge-split-1-regular-season-w2
https://www.vlr.gg/293923/aym-esports-vs-zeta-gaming-challengers-league-2024-spain-rising-split-1-r3
https://www.vlr.gg/294029/esc-gaming-vs-diamant-esports-challengers-league-2024-east-surge-split-1-regular-season-w2
https://www.vlr.gg/295192/galatasaray-esports-vs-papara-supermassive-challengers-league-2024-t-rkiye-birlik-split-1-regula
https://www.vlr.gg/294778/dvm-esport-vs-joblife-challengers-league-2024-france-revolution-split-1-regular-season-w1
https://www.vlr.gg/295938/divizon-vs-veni-esports-challengers-league-2024-dach-evolution-split-1-closed-qualifier-lf
https://www.vlr.gg/295191/s2g-esports-vs-stanbul-wildcats-challengers-league-2024-t-rkiye-birlik-split-1-regular-season-w
https://www.vlr.gg/294777/zerance-vs-akroma-challengers-league-2024-france-revolution-split-1-regular-season-w1
https://www.vlr.gg/295634/apinaorkesteri-vs-iantos-co-challengers-league-2024-northern-europe-polaris-split-1-closed-qua
https://www.vlr.gg/295930/fokus-vs-divizon-challengers-league-2024-dach-evolution-split-1-closed-qualifier-uf
https://www.vlr.gg/295937/nxt-vs-veni-esports-challengers-league-2024-dach-evolution-split-1-closed-qualifier-lr3
https://www.vlr.gg/295190/howl-esports-vs-digital-athletics-challengers-league-2024-t-rkiye-birlik-split-1-regular-season
https://www.vlr.gg/295630/formulation-gaming-vs-apinaorkesteri-challengers-league-2024-northern-europe-polaris-split-1-clo
https://www.vlr.gg/295633/yari-esports-vs-iantos-co-challengers-league-2024-northern-europe-polaris-split-1-closed-quali
https://www.vlr.gg/294776/mandatory-vs-solary-challengers-league-2024-france-revolution-split-1-regular-season-w1
https://www.vlr.gg/295935/kopfshootaz-vs-nxt-challengers-league-2024-dach-evolution-split-1-closed-qualifier-lr2
https://www.vlr.gg/295936/veni-esports-vs-irregulars-challengers-league-2024-dach-evolution-split-1-closed-qualifier-lr2
https://www.vlr.gg/295189/fire-flux-esports-vs-regnum-carya-esports-challengers-league-2024-t-rkiye-birlik-split-1-regular
https://www.vlr.gg/294775/monaco-esports-vs-valiant-challengers-league-2024-france-revolution-split-1-regular-season-w1
https://www.vlr.gg/295631/vexed-dev-vs-yari-esports-challengers-league-2024-northern-europe-polaris-split-1-closed-qualifi
https://www.vlr.gg/295632/iantos-co-vs-ruddy-challengers-league-2024-northern-europe-polaris-split-1-closed-qualifier-l
https://www.vlr.gg/295928/fokus-vs-veni-esports-challengers-league-2024-dach-evolution-split-1-closed-qualifier-usf
https://www.vlr.gg/295929/divizon-vs-kopfshootaz-challengers-league-2024-dach-evolution-split-1-closed-qualifier-usf
https://www.vlr.gg/295931/nxt-vs-teamorangegaming-challengers-league-2024-dach-evolution-split-1-closed-qualifier-lr1
https://www.vlr.gg/295932/irregulars-vs-permitta-esports-challengers-league-2024-dach-evolution-split-1-closed-qualifier-l
https://www.vlr.gg/295188/fenerbah-e-esports-vs-papara-supermassive-challengers-league-2024-t-rkiye-birlik-split-1-regular
https://www.vlr.gg/295628/formulation-gaming-vs-vexed-dev-challengers-league-2024-northern-europe-polaris-split-1-closed-q
https://www.vlr.gg/295629/apinaorkesteri-vs-iantos-co-challengers-league-2024-northern-europe-polaris-split-1-closed-qua
https://www.vlr.gg/295622/divizon-vs-irregulars-challengers-league-2024-dach-evolution-split-1-closed-qualifier-uqf
https://www.vlr.gg/295621/fokus-vs-nxt-challengers-league-2024-dach-evolution-split-1-closed-qualifier-uqf
https://www.vlr.gg/295623/permitta-esports-vs-kopfshootaz-challengers-league-2024-dach-evolution-split-1-closed-qualifier
https://www.vlr.gg/295624/teamorangegaming-vs-veni-esports-challengers-league-2024-dach-evolution-split-1-closed-qualifier
https://www.vlr.gg/295626/vexed-dev-vs-ruddy-challengers-league-2024-northern-europe-polaris-split-1-closed-qualifier-ro6
https://www.vlr.gg/295627/yari-esports-vs-iantos-co-challengers-league-2024-northern-europe-polaris-split-1-closed-quali
https://www.vlr.gg/295358/xaprala-vs-refens-do-turkish-gamers-club-challengers-league-2024-brazil-split-1-open-qualifier
https://www.vlr.gg/295359/carecas-e-calvos-vs-tropa-do-avan-o-gamers-club-challengers-league-2024-brazil-split-1-open-qual
https://www.vlr.gg/295360/brasil-2002-vs-os-cara-cego-gamers-club-challengers-league-2024-brazil-split-1-open-qualifier-1
https://www.vlr.gg/295361/kami-tenchi-vs-os-piticos-gamers-club-challengers-league-2024-brazil-split-1-open-qualifier-1-q
https://www.vlr.gg/294027/nom-esports-vs-chipi-chapas-challengers-league-2024-east-surge-split-1-regular-season-w1
https://www.vlr.gg/294028/incognito-vs-zero-tenacity-challengers-league-2024-east-surge-split-1-regular-season-w1
https://www.vlr.gg/295466/sherpa-vs-nongshim-redforce-wdg-challengers-league-2024-korea-split-1-oq-group-1-gf
https://www.vlr.gg/295489/reliance-vs-wdg-challengers-league-2024-korea-split-1-oq-group-2-gf
https://www.vlr.gg/295511/lfg-portal-vs-sin-prisa-gaming-wdg-challengers-league-2024-korea-split-1-oq-group-3-gf
https://www.vlr.gg/295533/iam-vs-return-wdg-challengers-league-2024-korea-split-1-oq-group-4-gf
https://www.vlr.gg/295604/team-vernina-vs-team-benita-flyquest-trailblazer-tournament-championship-gf
https://www.vlr.gg/295603/team-ketarys-vs-team-benita-flyquest-trailblazer-tournament-championship-sf
https://www.vlr.gg/295602/team-vernina-vs-team-aniemal-flyquest-trailblazer-tournament-championship-sf
https://www.vlr.gg/294026/diamant-esports-vs-incognito-challengers-league-2024-east-surge-split-1-regular-season-w1
https://www.vlr.gg/294025/enterprise-esports-vs-esc-gaming-challengers-league-2024-east-surge-split-1-regular-season-w1
https://www.vlr.gg/294451/hurricane-of-feathers-vs-elevate-challengers-league-2024-portugal-tempest-split-1-regular-season
https://www.vlr.gg/294450/saw-vs-gtz-esports-challengers-league-2024-portugal-tempest-split-1-regular-season-r2
https://www.vlr.gg/294449/ftw-le-a-fc-esports-vs-ex0tik-gaming-challengers-league-2024-portugal-tempest-split-1-regular-se
https://www.vlr.gg/293921/ramboot-club-vs-case-esports-challengers-league-2024-spain-rising-split-1-r2
https://www.vlr.gg/294024/gonext-esports-vs-acend-challengers-league-2024-east-surge-split-1-regular-season-w1
https://www.vlr.gg/294448/fuzos-vs-impulse-gw-challengers-league-2024-portugal-tempest-split-1-regular-season-r2
https://www.vlr.gg/293920/aym-esports-vs-bar-a-esports-challengers-league-2024-spain-rising-split-1-r2
https://www.vlr.gg/293919/zeta-gaming-vs-kpi-gaming-challengers-league-2024-spain-rising-split-1-r2
https://www.vlr.gg/293918/ucam-esports-club-vs-five-media-clan-challengers-league-2024-spain-rising-split-1-r2
https://www.vlr.gg/294023/chipi-chapas-vs-b8-esports-challengers-league-2024-east-surge-split-1-regular-season-w1
https://www.vlr.gg/294445/gtz-esports-vs-hurricane-of-feathers-challengers-league-2024-portugal-tempest-split-1-regular-se
https://www.vlr.gg/294446/saw-vs-impulse-gw-challengers-league-2024-portugal-tempest-split-1-regular-season-r1
https://www.vlr.gg/294447/ex0tik-gaming-vs-fuzos-challengers-league-2024-portugal-tempest-split-1-regular-season-r1
https://www.vlr.gg/294996/nxt-vs-kopfshootaz-challengers-league-2024-dach-evolution-split-1-open-qualifier-lf
https://www.vlr.gg/293917/case-esports-vs-ucam-esports-club-challengers-league-2024-spain-rising-split-1-r1
https://www.vlr.gg/293916/kpi-gaming-vs-ramboot-club-challengers-league-2024-spain-rising-split-1-r1
https://www.vlr.gg/294444/ftw-le-a-fc-esports-vs-elevate-challengers-league-2024-portugal-tempest-split-1-regular-season-r
https://www.vlr.gg/295007/nxt-vs-predator-xperion-nxt-challengers-league-2024-dach-evolution-split-1-open-qualifier-lr4
https://www.vlr.gg/294022/zero-tenacity-vs-nom-esports-challengers-league-2024-east-surge-split-1-regular-season-w1
https://www.vlr.gg/293915/five-media-clan-vs-aym-esports-challengers-league-2024-spain-rising-split-1-r1
https://www.vlr.gg/293914/bar-a-esports-vs-zeta-gaming-challengers-league-2024-spain-rising-split-1-r1
https://www.vlr.gg/294021/acend-vs-b8-esports-challengers-league-2024-east-surge-split-1-regular-season-w1
https://www.vlr.gg/294020/gonext-esports-vs-enterprise-esports-challengers-league-2024-east-surge-split-1-regular-season-w
https://www.vlr.gg/294185/moist-x-shopify-vs-oxygen-esports-ludwig-x-tarik-invitational-2-gf
https://www.vlr.gg/294973/team-ludwig-vs-team-tarik-ludwig-x-tarik-invitational-2-match
https://www.vlr.gg/294187/oxygen-esports-vs-cloud9-ludwig-x-tarik-invitational-2-lbf
https://www.vlr.gg/286749/fav-gaming-vs-team-secret-predator-league-asia-pacific-2024-gf
https://www.vlr.gg/294186/cloud9-vs-100-thieves-ludwig-x-tarik-invitational-2-lr1
https://www.vlr.gg/294184/moist-x-shopify-vs-oxygen-esports-ludwig-x-tarik-invitational-2-ubf
https://www.vlr.gg/294183/100-thieves-vs-oxygen-esports-ludwig-x-tarik-invitational-2-ubsf
https://www.vlr.gg/294182/cloud9-vs-moist-x-shopify-ludwig-x-tarik-invitational-2-ubsf
https://www.vlr.gg/294165/team-falcons-vs-bbl-esports-superdome-2023-egypt-main-event-gf
https://www.vlr.gg/294166/nasr-esports-vs-apeks-superdome-2023-egypt-main-event-bronze-match
https://www.vlr.gg/286748/team-flash-vs-team-secret-predator-league-asia-pacific-2024-sf
https://www.vlr.gg/286747/fav-gaming-vs-boom-esports-predator-league-asia-pacific-2024-sf
https://www.vlr.gg/294164/bbl-esports-vs-apeks-superdome-2023-egypt-main-event-round-robin
https://www.vlr.gg/294163/bbl-esports-vs-nasr-esports-superdome-2023-egypt-main-event-round-robin
https://www.vlr.gg/294162/team-falcons-vs-nasr-esports-superdome-2023-egypt-main-event-round-robin
https://www.vlr.gg/294161/team-falcons-vs-bbl-esports-superdome-2023-egypt-main-event-round-robin
https://www.vlr.gg/294160/apeks-vs-team-falcons-superdome-2023-egypt-main-event-gs
https://www.vlr.gg/294159/apeks-vs-nasr-esports-superdome-2023-egypt-main-event-gs
https://www.vlr.gg/286746/oasis-gaming-vs-nuclear-gc-predator-league-asia-pacific-2024-a
https://www.vlr.gg/286755/team-flash-vs-oblivion-force-predator-league-asia-pacific-2024-b
https://www.vlr.gg/286767/ender-dragon-vs-team-secret-predator-league-asia-pacific-2024-d
https://www.vlr.gg/286761/boom-esports-vs-zol-esports-predator-league-asia-pacific-2024-c
https://www.vlr.gg/286745/antic-esports-vs-fav-gaming-predator-league-asia-pacific-2024-a
https://www.vlr.gg/286754/arf-team-vs-rnkko-esports-predator-league-asia-pacific-2024-b
https://www.vlr.gg/286766/no-salary-peek-vs-todak-predator-league-asia-pacific-2024-d
https://www.vlr.gg/286760/exceeli-esports-vs-team-nkt-predator-league-asia-pacific-2024-c
https://www.vlr.gg/286744/oasis-gaming-vs-antic-esports-predator-league-asia-pacific-2024-a
https://www.vlr.gg/286759/boom-esports-vs-exceeli-esports-predator-league-asia-pacific-2024-c
https://www.vlr.gg/286765/ender-dragon-vs-no-salary-peek-predator-league-asia-pacific-2024-d
https://www.vlr.gg/286753/team-flash-vs-arf-team-predator-league-asia-pacific-2024-b
https://www.vlr.gg/286764/team-secret-vs-todak-predator-league-asia-pacific-2024-d
https://www.vlr.gg/286743/nuclear-gc-vs-fav-gaming-predator-league-asia-pacific-2024-a
https://www.vlr.gg/286752/oblivion-force-vs-rnkko-esports-predator-league-asia-pacific-2024-b
https://www.vlr.gg/286758/zol-esports-vs-team-nkt-predator-league-asia-pacific-2024-c
https://www.vlr.gg/286763/no-salary-peek-vs-team-secret-predator-league-asia-pacific-2024-d
https://www.vlr.gg/286742/antic-esports-vs-nuclear-gc-predator-league-asia-pacific-2024-a
https://www.vlr.gg/286751/arf-team-vs-oblivion-force-predator-league-asia-pacific-2024-b
https://www.vlr.gg/286757/exceeli-esports-vs-zol-esports-predator-league-asia-pacific-2024-c
https://www.vlr.gg/286741/fav-gaming-vs-oasis-gaming-predator-league-asia-pacific-2024-a
https://www.vlr.gg/286750/rnkko-esports-vs-team-flash-predator-league-asia-pacific-2024-b
https://www.vlr.gg/286756/team-nkt-vs-boom-esports-predator-league-asia-pacific-2024-c
https://www.vlr.gg/286762/todak-vs-ender-dragon-predator-league-asia-pacific-2024-d
https://www.vlr.gg/292521/fire-flux-esports-vs-fenerbah-e-espor-esa-open-fire-all-stars-2023-playoffs-gf
https://www.vlr.gg/287592/laze-vs-kimchi-fried-rice-cloudy-tournament-malaysia-and-singapore-rivalry-gf
https://www.vlr.gg/292033/rare-atom-vs-dragon-ranger-gaming-champions-tour-2023-china-ascension-gf
https://www.vlr.gg/287591/kimchi-fried-rice-vs-team-path-cloudy-tournament-malaysia-and-singapore-rivalry-lf
https://www.vlr.gg/287590/team-path-vs-nexga-cloudy-tournament-malaysia-and-singapore-rivalry-lr1
https://www.vlr.gg/292035/attacking-soul-esports-vs-dragon-ranger-gaming-champions-tour-2023-china-ascension-lf
https://www.vlr.gg/292032/attacking-soul-esports-vs-rare-atom-champions-tour-2023-china-ascension-uf
https://www.vlr.gg/292034/ninjas-in-pyjamas-vs-dragon-ranger-gaming-champions-tour-2023-china-ascension-lr1
https://www.vlr.gg/292031/rare-atom-vs-dragon-ranger-gaming-champions-tour-2023-china-ascension-ubsf
https://www.vlr.gg/292030/attacking-soul-esports-vs-ninjas-in-pyjamas-champions-tour-2023-china-ascension-ubsf
https://www.vlr.gg/292527/stanbul-wildcats-vs-fenerbah-e-espor-esa-open-fire-all-stars-2023-playoffs-lbf
https://www.vlr.gg/292029/dragon-ranger-gaming-vs-four-angry-men-champions-tour-2023-china-ascension-decider-b
https://www.vlr.gg/292024/night-wings-gaming-vs-ninjas-in-pyjamas-champions-tour-2023-china-ascension-decider-a
https://www.vlr.gg/292027/dragon-ranger-gaming-vs-attacking-soul-esports-champions-tour-2023-china-ascension-winners-b
https://www.vlr.gg/292028/17gaming-vs-four-angry-men-champions-tour-2023-china-ascension-elim-b
https://www.vlr.gg/292022/night-wings-gaming-vs-rare-atom-champions-tour-2023-china-ascension-winners-a
https://www.vlr.gg/292023/ninjas-in-pyjamas-vs-keepbest-gaming-champions-tour-2023-china-ascension-elim-a
https://www.vlr.gg/292520/fire-flux-esports-vs-stanbul-wildcats-esa-open-fire-all-stars-2023-playoffs-ubf
https://www.vlr.gg/292526/fenerbah-e-espor-vs-galatasaray-espor-esa-open-fire-all-stars-2023-playoffs-lr3
https://www.vlr.gg/292026/attacking-soul-esports-vs-four-angry-men-champions-tour-2023-china-ascension-opening-b
https://www.vlr.gg/292025/dragon-ranger-gaming-vs-17gaming-champions-tour-2023-china-ascension-opening-b
https://www.vlr.gg/292021/rare-atom-vs-keepbest-gaming-champions-tour-2023-china-ascension-opening-a
https://www.vlr.gg/292020/ninjas-in-pyjamas-vs-night-wings-gaming-champions-tour-2023-china-ascension-opening-a
https://www.vlr.gg/292883/zen-esports-vs-red-eye-claro-gaming-spike-cup-showdown-main-event-gf
https://www.vlr.gg/292525/digital-athletics-vs-galatasaray-espor-esa-open-fire-all-stars-2023-playoffs-lr2
https://www.vlr.gg/292524/galakticos-vs-fenerbah-e-espor-esa-open-fire-all-stars-2023-playoffs-lr2
https://www.vlr.gg/292519/galakticos-vs-stanbul-wildcats-esa-open-fire-all-stars-2023-playoffs-ubsf
https://www.vlr.gg/292518/digital-athletics-vs-fire-flux-esports-esa-open-fire-all-stars-2023-playoffs-ubsf
https://www.vlr.gg/292604/goon-squad-vs-purpure-challengers-league-2024-east-surge-split-1-open-qualifier-gf
https://www.vlr.gg/292523/galatasaray-espor-vs-papara-supermassive-esa-open-fire-all-stars-2023-playoffs-lr1
https://www.vlr.gg/292635/purpure-vs-ffxd-challengers-league-2024-east-surge-split-1-open-qualifier-lbf
https://www.vlr.gg/292522/regnum-carya-esports-vs-fenerbah-e-espor-esa-open-fire-all-stars-2023-playoffs-lr1
https://www.vlr.gg/292634/ffxd-vs-mrvzt-challengers-league-2024-east-surge-split-1-open-qualifier-lr7
https://www.vlr.gg/291468/cgn-esports-vs-acend-mandatory-gg-cup-3-playoffs-gf
https://www.vlr.gg/292517/stanbul-wildcats-vs-papara-supermassive-esa-open-fire-all-stars-2023-playoffs-ubqf
https://www.vlr.gg/292516/galakticos-vs-galatasaray-espor-esa-open-fire-all-stars-2023-playoffs-ubqf
https://www.vlr.gg/292603/goon-squad-vs-purpure-challengers-league-2024-east-surge-split-1-open-qualifier-ubf
https://www.vlr.gg/292601/ffxd-vs-goon-squad-challengers-league-2024-east-surge-split-1-open-qualifier-ubsf
https://www.vlr.gg/292602/purpure-vs-mrvzt-challengers-league-2024-east-surge-split-1-open-qualifier-ubsf
https://www.vlr.gg/291642/supernova-galaxy-vs-complexity-gx3-the-cozy-clash-gf
https://www.vlr.gg/291641/complexity-gx3-vs-lil-bros-the-cozy-clash-lbf
https://www.vlr.gg/292515/fenerbah-e-espor-vs-fire-flux-esports-esa-open-fire-all-stars-2023-playoffs-ubqf
https://www.vlr.gg/292514/digital-athletics-vs-regnum-carya-esports-esa-open-fire-all-stars-2023-playoffs-ubqf
https://www.vlr.gg/289453/team-vitality-vs-fut-esports-convergence-2023-gf
https://www.vlr.gg/292430/team-phantom-vs-team-vandal-convergence-2023-main-event
https://www.vlr.gg/291640/supernova-galaxy-vs-complexity-gx3-the-cozy-clash-ubf
https://www.vlr.gg/286817/os-cara-cego-vs-demons-copa-brav-ssima-pl-gf
https://www.vlr.gg/291638/lil-bros-vs-complexity-gx3-the-cozy-clash-decider
https://www.vlr.gg/286831/carameloo-vs-demons-copa-brav-ssima-pl-lbf
https://www.vlr.gg/291637/disguised-gc-vs-complexity-gx3-the-cozy-clash-elim
https://www.vlr.gg/286830/kg-network-vs-demons-copa-brav-ssima-pl-lr5
https://www.vlr.gg/286691/team-t-rkiye-vs-team-united-kingdom-spike-nations-4-gf
https://www.vlr.gg/286690/team-france-vs-team-united-kingdom-spike-nations-4-sf
https://www.vlr.gg/289452/global-esports-vs-furia-convergence-2023-d3
https://www.vlr.gg/286689/team-t-rkiye-vs-team-italy-spike-nations-4-sf
https://www.vlr.gg/289451/fut-esports-vs-gen-g-convergence-2023-d3
https://www.vlr.gg/291636/supernova-galaxy-vs-lil-bros-the-cozy-clash-winners
https://www.vlr.gg/286829/demons-vs-kami-tenchi-copa-brav-ssima-pl-lr4
https://www.vlr.gg/291635/lil-bros-vs-complexity-gx3-the-cozy-clash-opening
https://www.vlr.gg/286816/carameloo-vs-os-cara-cego-copa-brav-ssima-pl-ubf
https://www.vlr.gg/286814/carameloo-vs-zikapangas-copa-brav-ssima-pl-ubsf
https://www.vlr.gg/286815/demons-vs-os-cara-cego-copa-brav-ssima-pl-ubsf
https://www.vlr.gg/291570/team-heretics-vs-karmine-corp-hereticsxp-main-event
https://www.vlr.gg/291634/disguised-gc-vs-supernova-galaxy-the-cozy-clash-opening
https://www.vlr.gg/289450/furia-vs-team-vitality-convergence-2023-d2
https://www.vlr.gg/289449/fut-esports-vs-true-rippers-convergence-2023-d2
https://www.vlr.gg/286812/demons-vs-jns-gaming-copa-brav-ssima-pl-ubqf
https://www.vlr.gg/286821/kami-tenchi-vs-sagaz-copa-brav-ssima-pl-lr1
https://www.vlr.gg/286802/monstros-fa-vs-carameloo-copa-brav-ssima-pl-uro16
https://www.vlr.gg/286806/demons-vs-daskar-copa-brav-ssima-pl-uro16
https://www.vlr.gg/286808/kg-network-vs-kami-tenchi-copa-brav-ssima-pl-uro16
https://www.vlr.gg/286809/os-cara-cego-vs-sagaz-copa-brav-ssima-pl-uro16
https://www.vlr.gg/291467/acend-vs-ucam-esports-club-mandatory-gg-cup-3-playoffs-sf
https://www.vlr.gg/291466/cgn-esports-vs-nasr-esports-mandatory-gg-cup-3-playoffs-sf
https://www.vlr.gg/289448/global-esports-vs-team-vitality-convergence-2023-d1
https://www.vlr.gg/289447/gen-g-vs-true-rippers-convergence-2023-d1
https://www.vlr.gg/291537/team-slandy-vs-team-maryna-flyquest-trailblazer-tournament-december-gf
https://www.vlr.gg/291457/solary-vs-cgn-esports-mandatory-gg-cup-3-group-stage-r3
https://www.vlr.gg/291458/mandatory-vs-nasr-esports-mandatory-gg-cup-3-group-stage-r3
https://www.vlr.gg/291459/saw-vs-gonext-esports-mandatory-gg-cup-3-group-stage-r3
